app/build/outputs/mapping/release/seeds.txt
com.shashankbhat.pdfviewer2.MainActivity_ViewBinding
com.shashankbhat.pdfviewer2.MainActivity_ViewBinding: MainActivity_ViewBinding(com.shashankbhat.pdfviewer2.MainActivity,android.view.View)
com.shashankbhat.pdfviewer2.MainActivity: MainActivity()
com.shashankbhat.pdfviewer2.MainActivity
...
androidx.appcompat.R$styleable: int DrawerArrowToggle_arrowHeadLength
androidx.appcompat.widget.AppCompatSpinner: void setAdapter(android.widget.SpinnerAdapter)
androidx.appcompat.resources.R$styleable: int AnimatedStateListDrawableItem_android_drawable
com.google.android.material.R$attr: int itemTextAppearanceInactive
com.karumi.dexter.R$styleable: int Chip_textStartPadding
com.google.android.material.R$style: int Base_TextAppearance_AppCompat_Medium
androidx.transition.R$id: int icon
com.google.android.material.R$style: int Widget_AppCompat_DrawerArrowToggle
com.karumi.dexter.R$styleable: int Toolbar_contentInsetEndWithActions
com.google.android.material.R$id: int scrollIndicatorUp
com.google.android.material.R$attr: int titleMarginBottom
com.karumi.dexter.R$attr: int textColorAlertDialogListItem
com.karumi.dexter.MainThread: boolean runningMainThread()
butterknife.OnTextChanged$Callback
androidx.appcompat.R$drawable: int notify_panel_notification_icon_bg
es.voghdev.pdfviewpager.library.R$styleable: int PDFViewPager_assetFileName
es.voghdev.pdfviewpager.library.subscaleview.SubsamplingScaleImageView: void setMaxScale(float)
androidx.appcompat.R$string: int abc_menu_space_shortcut_label
androidx.appcompat.R$color: int switch_thumb_material_dark
androidx.appcompat.R$styleable: int ActionBarLayout_android_layout_gravity
androidx.appcompat.widget.ButtonBarLayout
androidx.appcompat.widget.LinearLayoutCompat: int getBaselineAlignedChildIndex()
androidx.appcompat.R$style: int Theme_AppCompat_DialogWhenLarge
es.voghdev.pdfviewpager.library.R$id: int decor_content_parent
androidx.appcompat.R$styleable: int AppCompatTextView_fontVariationSettings
androidx.appcompat.R$styleable: int AppCompatTextView_textLocale
androidx.core.R$id: int accessibility_custom_action_2
com.karumi.dexter.R$drawable: int abc_ic_voice_search_api_material
com.karumi.dexter.R$styleable: int AppCompatTextHelper_android_drawableLeft
com.karumi.dexter.R$style: int Base_Theme_AppCompat_CompactMenu
androidx.vectordrawable.graphics.drawable.VectorDrawableCompat$VFullPath: void setStrokeColor(int)
androidx.core.R$id: int italic
androidx.appcompat.R$dimen: int compat_notification_large_icon_max_width
com.karumi.dexter.R$styleable: int CollapsingToolbarLayout_expandedTitleMarginEnd
androidx.appcompat.R$styleable: int AppCompatTheme_selectableItemBackground
androidx.recyclerview.R$styleable: int GradientColorItem_android_color
com.google.android.material.R$attr: int closeItemLayout
com.karumi.dexter.listener.multi.DialogOnAnyDeniedMultiplePermissionsListener: DialogOnAnyDeniedMultiplePermissionsListener(android.content.Context,java.lang.String,java.lang.String,java.lang.String,android.graphics.drawable.Drawable,com.karumi.dexter.listener.multi.DialogOnAnyDeniedMultiplePermissionsListener$1)
com.google.android.material.R$attr: int gapBetweenBars
androidx.appcompat.R$dimen: int abc_dropdownitem_text_padding_left
es.voghdev.pdfviewpager.library.R$id: int titleDividerNoCustom
androidx.appcompat.R$id: int accessibility_custom_action_9
androidx.appcompat.R$attr: int listPopupWindowStyle
com.google.android.material.R$attr: int behavior_skipCollapsed
androidx.appcompat.R$color: int material_blue_grey_900
com.karumi.dexter.R$styleable: int Toolbar_titleMarginBottom
androidx.transition.R$id: int transition_transform
com.google.android.material.R$style: int Animation_AppCompat_Dialog
androidx.appcompat.R$styleable: int LinearLayoutCompat_Layout_android_layout_width
androidx.appcompat.R$style: int Base_Widget_AppCompat_ActionBar_Solid
com.karumi.dexter.R$dimen: int abc_text_size_display_4_material
com.karumi.dexter.R$drawable: int notification_action_background
com.google.android.material.R$attr: int actionModePopupWindowStyle
androidx.appcompat.widget.AppCompatCheckBox: void setButtonDrawable(int)
androidx.appcompat.R$attr: int actionModeCloseDrawable
com.karumi.dexter.R$styleable: R$styleable()
androidx.appcompat.resources.R$styleable: int FontFamilyFont_android_fontStyle