app/build/outputs/mapping/release/mapping.txt
# compiler: R8
# compiler_version: 1.6.67
# min_api: 23
# pg_map_id: dfd97cc
# common_typos_disable
com.shashankbhat.pdfviewer2.-$$Lambda$MainActivity$Bi1619P6-p83_C7Rm-Cj3hyQiAE -> c.c.a.a:
    com.shashankbhat.pdfviewer2.MainActivity f$0 -> b
com.shashankbhat.pdfviewer2.MainActivity -> com.shashankbhat.pdfviewer2.MainActivity:
    es.voghdev.pdfviewpager.library.RemotePDFViewPager remotePDFViewPager -> p
    void lambda$onCreate$0(android.view.View) -> a
    void onFailure(java.lang.Exception) -> a
    void onProgressUpdate(int,int) -> a
    void onSuccess(java.lang.String,java.lang.String) -> a
    1:1:void requestPermission():0:0 -> onCreate
    1:1:void onCreate(android.os.Bundle):0 -> onCreate
    2:2:void onCreate(android.os.Bundle):0:0 -> onCreate
    1:1:void es.voghdev.pdfviewpager.library.adapter.BasePDFPagerAdapter.releaseAllBitmaps():0:0 -> onDestroy
    1:1:void es.voghdev.pdfviewpager.library.adapter.BasePDFPagerAdapter.close():0 -> onDestroy
    1:1:void es.voghdev.pdfviewpager.library.adapter.PDFPagerAdapter.close():0 -> onDestroy
    1:1:void onDestroy():0 -> onDestroy
    2:2:void es.voghdev.pdfviewpager.library.adapter.SimpleBitmapPool.recycleAll():0:0 -> onDestroy
    2:2:void es.voghdev.pdfviewpager.library.adapter.SimpleBitmapPool.clear():0 -> onDestroy
    2:2:void es.voghdev.pdfviewpager.library.adapter.BasePDFPagerAdapter.releaseAllBitmaps():0 -> onDestroy
    2:2:void es.voghdev.pdfviewpager.library.adapter.BasePDFPagerAdapter.close():0 -> onDestroy
    2:2:void es.voghdev.pdfviewpager.library.adapter.PDFPagerAdapter.close():0 -> onDestroy
    2:2:void onDestroy():0 -> onDestroy
    3:3:void es.voghdev.pdfviewpager.library.adapter.BasePDFPagerAdapter.close():0:0 -> onDestroy
...
androidx.lifecycle.ViewModelStoreOwner -> a.l.u:
    androidx.lifecycle.ViewModelStore getViewModelStore() -> d
androidx.loader.app.LoaderManager -> a.m.a.a:
    void dump(java.lang.String,java.io.FileDescriptor,java.io.PrintWriter,java.lang.String[]) -> a
    androidx.loader.app.LoaderManager getInstance(androidx.lifecycle.LifecycleOwner) -> a
androidx.loader.app.LoaderManagerImpl -> a.m.a.b:
    androidx.lifecycle.LifecycleOwner mLifecycleOwner -> a
    androidx.loader.app.LoaderManagerImpl$LoaderViewModel mLoaderViewModel -> b
    1:1:androidx.loader.app.LoaderManagerImpl$LoaderViewModel androidx.loader.app.LoaderManagerImpl$LoaderViewModel.getInstance(androidx.lifecycle.ViewModelStore):0:0 -> <init>
    1:1:void <init>(androidx.lifecycle.LifecycleOwner,androidx.lifecycle.ViewModelStore):0 -> <init>
    2:2:androidx.lifecycle.ViewModel androidx.lifecycle.ViewModelProvider.get(java.lang.Class):0:0 -> <init>
    2:2:androidx.loader.app.LoaderManagerImpl$LoaderViewModel androidx.loader.app.LoaderManagerImpl$LoaderViewModel.getInstance(androidx.lifecycle.ViewModelStore):0 -> <init>
    2:2:void <init>(androidx.lifecycle.LifecycleOwner,androidx.lifecycle.ViewModelStore):0 -> <init>
    3:3:androidx.lifecycle.ViewModel androidx.lifecycle.ViewModelStore.get(java.lang.String):0:0 -> <init>
    3:3:androidx.lifecycle.ViewModel androidx.lifecycle.ViewModelProvider.get(java.lang.String,java.lang.Class):0 -> <init>
    3:3:androidx.lifecycle.ViewModel androidx.lifecycle.ViewModelProvider.get(java.lang.Class):0 -> <init>
    3:3:androidx.loader.app.LoaderManagerImpl$LoaderViewModel androidx.loader.app.LoaderManagerImpl$LoaderViewModel.getInstance(androidx.lifecycle.ViewModelStore):0 -> <init>
    3:3:void <init>(androidx.lifecycle.LifecycleOwner,androidx.lifecycle.ViewModelStore):0 -> <init>
androidx.loader.app.LoaderManagerImpl$LoaderInfo -> a.m.a.b$a:
    androidx.loader.app.LoaderManagerImpl$LoaderObserver mObserver -> k
    androidx.lifecycle.LifecycleOwner mLifecycleOwner -> j
    void onActive() -> a
    void removeObserver(androidx.lifecycle.Observer) -> a
    void setValue(java.lang.Object) -> a
    void onInactive() -> b
androidx.loader.app.LoaderManagerImpl$LoaderObserver -> a.m.a.b$b:
androidx.loader.app.LoaderManagerImpl$LoaderViewModel -> a.m.a.b$c:
    androidx.lifecycle.ViewModelProvider$Factory FACTORY -> c
    androidx.collection.SparseArrayCompat mLoaders -> b
    1:1:void androidx.collection.SparseArrayCompat.<init>():0:0 -> <init>
    1:1:void <init>():0 -> <init>
    2:2:void <init>():0:0 -> <init>
    1:1:androidx.loader.content.Loader androidx.loader.app.LoaderManagerImpl$LoaderInfo.destroy(boolean):0:0 -> b
    1:1:void onCleared():0 -> b
    2:2:void onCleared():0:0 -> b
    3:3:void androidx.collection.SparseArrayCompat.clear():0:0 -> b
    3:3:void onCleared():0 -> b
androidx.loader.app.LoaderManagerImpl$LoaderViewModel$1 -> a.m.a.b$c$a:
    androidx.lifecycle.ViewModel create(java.lang.Class) -> a
androidx.recyclerview.R$dimen -> a.n.a:
androidx.recyclerview.R$styleable -> a.n.b: