app/build/outputs/mapping/release/usage.txt
com.shashankbhat.pdfviewer2.MainActivity_ViewBinding:
    public void <init>(com.shashankbhat.pdfviewer2.MainActivity)
    public void unbind()
com.shashankbhat.pdfviewer2.R$color
com.shashankbhat.pdfviewer2.R$integer
com.shashankbhat.pdfviewer2.R$dimen
com.shashankbhat.pdfviewer2.R$mipmap
com.shashankbhat.pdfviewer2.R$anim
com.shashankbhat.pdfviewer2.R$interpolator
com.shashankbhat.pdfviewer2.R$drawable
com.shashankbhat.pdfviewer2.R$style
com.shashankbhat.pdfviewer2.R$layout
com.shashankbhat.pdfviewer2.R$attr
com.shashankbhat.pdfviewer2.R$string
com.shashankbhat.pdfviewer2.R$bool
com.shashankbhat.pdfviewer2.R$animator
com.shashankbhat.pdfviewer2.R
com.shashankbhat.pdfviewer2.R$styleable
com.shashankbhat.pdfviewer2.BuildConfig
com.shashankbhat.pdfviewer2.R$id
com.shashankbhat.pdfviewer2.MainActivity_ViewBinding:
    public com.shashankbhat.pdfviewer2.MainActivity target
com.shashankbhat.pdfviewer2.MainActivity:
    public final void requestPermission()
...
androidx.documentfile.provider.TreeDocumentFile
androidx.core.view.MarginLayoutParamsCompat:
    public static void setMarginStart(android.view.ViewGroup$MarginLayoutParams,int)
    public static void setMarginEnd(android.view.ViewGroup$MarginLayoutParams,int)
    public static boolean isMarginRelative(android.view.ViewGroup$MarginLayoutParams)
    public static int getLayoutDirection(android.view.ViewGroup$MarginLayoutParams)
    public static void setLayoutDirection(android.view.ViewGroup$MarginLayoutParams,int)
    public static void resolveLayoutDirection(android.view.ViewGroup$MarginLayoutParams,int)
    private void <init>()
androidx.viewpager.R
com.google.android.material.bottomnavigation.BottomNavigationMenuView
androidx.vectordrawable.graphics.drawable.AnimatedVectorDrawableCompat:
    public static androidx.vectordrawable.graphics.drawable.AnimatedVectorDrawableCompat create(android.content.Context,int)
    private static boolean unregisterPlatformCallback(android.graphics.drawable.AnimatedVectorDrawable,androidx.vectordrawable.graphics.drawable.Animatable2Compat$AnimationCallback)
    private static void registerPlatformCallback(android.graphics.drawable.AnimatedVectorDrawable,androidx.vectordrawable.graphics.drawable.Animatable2Compat$AnimationCallback)
    private void removeAnimatorSetListener()
    public static void registerAnimationCallback(android.graphics.drawable.Drawable,androidx.vectordrawable.graphics.drawable.Animatable2Compat$AnimationCallback)
    public static boolean unregisterAnimationCallback(android.graphics.drawable.Drawable,androidx.vectordrawable.graphics.drawable.Animatable2Compat$AnimationCallback)
    public static void clearAnimationCallbacks(android.graphics.drawable.Drawable)
    public void registerAnimationCallback(androidx.vectordrawable.graphics.drawable.Animatable2Compat$AnimationCallback)
    public boolean unregisterAnimationCallback(androidx.vectordrawable.graphics.drawable.Animatable2Compat$AnimationCallback)
    public void clearAnimationCallbacks()
    androidx.vectordrawable.graphics.drawable.AnimatedVectorDrawableCompat$AnimatedVectorDrawableDelegateState mCachedConstantStateDelegate
    private static final java.lang.String LOGTAG
androidx.core.text.PrecomputedTextCompat$PrecomputedTextFutureTask
androidx.localbroadcastmanager.content.LocalBroadcastManager
androidx.fragment.app.Fragment$SavedState$1
androidx.customview.R$string
com.google.android.material.animation.AnimatorSetCompat:
    public void <init>()
androidx.appcompat.app.ActionBarDrawerToggleHoneycomb
androidx.recyclerview.widget.DiffUtil$PostponedUpdate
androidx.swiperefreshlayout.widget.SwipeRefreshLayout$3
com.google.android.material.R$interpolator
androidx.annotation.IntRange
androidx.recyclerview.widget.ItemTouchHelper$RecoverAnimation
com.google.android.material.circularreveal.coordinatorlayout.CircularRevealCoordinatorLayout
es.voghdev.pdfviewpager.library.BuildConfig
androidx.core.text.BidiFormatter$DirectionalityEstimator
androidx.legacy.coreutils.R$id
butterknife.internal.ListenerClass$NONE
androidx.drawerlayout.R$dimen
com.google.android.material.appbar.CollapsingToolbarLayout
androidx.recyclerview.widget.OrientationHelper:
    public androidx.recyclerview.widget.RecyclerView$LayoutManager getLayoutManager()
    public abstract void offsetChild(android.view.View,int)
    private static final int INVALID_SIZE
    public static final int HORIZONTAL
    public static final int VERTICAL
com.google.android.material.R$styleable:
    private void <init>()
androidx.recyclerview.widget.MessageThreadUtil$2$1
androidx.appcompat.app.ToolbarActionBar$MenuBuilderCallback
androidx.legacy.app.ActionBarDrawerToggle$Delegate
es.voghdev.pdfviewpager.library.remote.DownloadFileUrlConnectionImpl:
    private static final int KILOBYTE
    private static final int BUFFER_LEN
    private static final int NOTIFY_PERIOD
androidx.recyclerview.widget.ItemTouchHelper$SimpleCallback